\BOOKMARK [-1][-]{part.1}{\376\377\000I\000\040\000I\000n\000s\000t\000a\000l\000a\000c\000i\000o\000n\000e\000s\000\040\000f\000r\000i\000g\000o\000r\000\355\000f\000i\000c\000a\000s}{}% 1
\BOOKMARK [0][-]{chapter.1}{\376\377\000R\000e\000f\000r\000i\000g\000e\000r\000a\000n\000t\000e\000s}{part.1}% 2
\BOOKMARK [1][-]{section.1.1}{\376\377\000R\000e\000f\000r\000i\000g\000e\000r\000a\000c\000i\000\363\000n\000\040\000y\000\040\000l\000o\000s\000\040\000c\000i\000c\000l\000o\000s}{chapter.1}% 3
\BOOKMARK [2][-]{subsection.1.1.1}{\376\377\000S\000i\000s\000t\000e\000m\000a\000s\000\040\000d\000e\000\040\000r\000e\000f\000r\000i\000g\000e\000r\000a\000c\000i\000\363\000n\000\040\000p\000o\000r\000\040\000a\000i\000r\000e}{section.1.1}% 4
\BOOKMARK [2][-]{subsection.1.1.2}{\376\377\000S\000i\000s\000t\000e\000m\000a\000\040\000d\000e\000\040\000r\000e\000f\000r\000i\000g\000e\000r\000a\000c\000i\000\363\000n\000\040\000p\000o\000r\000\040\000c\000o\000m\000p\000r\000e\000s\000i\000\363\000n\000\040\000d\000e\000\040\000v\000a\000p\000o\000r}{section.1.1}% 5
\BOOKMARK [2][-]{subsection.1.1.3}{\376\377\000S\000i\000s\000t\000e\000m\000a\000\040\000d\000e\000\040\000a\000b\000s\000o\000r\000c\000i\000\363\000n\000\040\000d\000e\000\040\000v\000a\000p\000o\000r}{section.1.1}% 6
\BOOKMARK [1][-]{section.1.2}{\376\377\000R\000e\000f\000r\000i\000g\000e\000r\000a\000n\000t\000e\000s\000\040\000e\000n\000\040\000i\000n\000s\000t\000a\000l\000a\000c\000i\000o\000n\000e\000s}{chapter.1}% 7
\BOOKMARK [2][-]{subsection.1.2.1}{\376\377\000C\000l\000a\000s\000i\000f\000i\000c\000a\000c\000i\000\363\000n\000\040\000d\000e\000\040\000l\000o\000s\000\040\000r\000e\000f\000r\000i\000g\000e\000r\000a\000n\000t\000e\000s}{section.1.2}% 8
\BOOKMARK [1][-]{section.1.3}{\376\377\000C\000a\000r\000a\000c\000t\000e\000r\000\355\000s\000t\000i\000c\000a\000s\000,\000\040\000c\000o\000m\000p\000a\000r\000a\000c\000i\000o\000n\000e\000s\000\040\000y\000\040\000s\000e\000l\000e\000c\000c\000i\000\363\000n}{chapter.1}% 9
\BOOKMARK [1][-]{section.1.4}{\376\377\000I\000m\000p\000a\000c\000t\000o\000\040\000a\000m\000b\000i\000e\000n\000t\000a\000l}{chapter.1}% 10
\BOOKMARK [1][-]{section.1.5}{\376\377\000C\000o\000n\000s\000i\000d\000e\000r\000a\000c\000i\000o\000n\000e\000s\000\040\000d\000e\000\040\000s\000e\000g\000u\000r\000i\000d\000a\000d}{chapter.1}% 11
\BOOKMARK [1][-]{section.1.6}{\376\377\000R\000e\000f\000r\000i\000g\000e\000r\000a\000n\000t\000e\000s\000\040\000s\000e\000c\000u\000n\000d\000a\000r\000i\000o\000s}{chapter.1}% 12
\BOOKMARK [1][-]{section.1.7}{\376\377\000C\000o\000n\000d\000u\000c\000c\000i\000\363\000n\000\040\000d\000e\000\040\000f\000l\000u\000i\000d\000o\000s\000\040\000r\000e\000f\000r\000i\000g\000e\000r\000a\000n\000t\000e\000s}{chapter.1}% 13
\BOOKMARK [-1][-]{part.2}{\376\377\000I\000I\000\040\000A\000n\000e\000x\000o\000s}{}% 14
\BOOKMARK [0][-]{appendix.Alph1}{\376\377\000C\000i\000c\000l\000o\000s\000\040\000d\000e\000\040\000r\000e\000f\000r\000i\000g\000e\000r\000a\000c\000i\000\363\000n}{part.2}% 15
\BOOKMARK [1][-]{section.Alph1.1}{\376\377\000P\000a\000r\000\341\000m\000e\000t\000r\000o\000s\000\040\000p\000r\000i\000n\000c\000i\000p\000a\000l\000e\000s\000\040\000d\000e\000\040\000c\000i\000c\000l\000o\000s}{appendix.Alph1}% 16
\BOOKMARK [2][-]{subsection.Alph1.1.1}{\376\377\000P\000r\000e\000s\000i\000\363\000n}{section.Alph1.1}% 17
\BOOKMARK [2][-]{subsection.Alph1.1.2}{\376\377\000E\000n\000e\000r\000g\000\355\000a\000\040\000i\000n\000t\000e\000r\000n\000a}{section.Alph1.1}% 18
\BOOKMARK [2][-]{subsection.Alph1.1.3}{\376\377\000E\000n\000t\000r\000o\000p\000\355\000a}{section.Alph1.1}% 19
\BOOKMARK [2][-]{subsection.Alph1.1.4}{\376\377\000E\000n\000t\000a\000l\000p\000\355\000a}{section.Alph1.1}% 20
\BOOKMARK [1][-]{section.Alph1.2}{\376\377\0001\000\260\000\040\000L\000e\000y\000\040\000e\000n\000\040\000f\000l\000u\000j\000o\000s\000\040\000c\000e\000r\000r\000a\000d\000o\000s}{appendix.Alph1}% 21
\BOOKMARK [2][-]{subsection.Alph1.2.1}{\376\377\0001\000\260\000\040\000L\000e\000y\000\040\000d\000e\000\040\000l\000a\000\040\000t\000e\000r\000m\000o\000d\000i\000n\000\341\000m\000i\000c\000a}{section.Alph1.2}% 22
\BOOKMARK [2][-]{subsection.Alph1.2.2}{\376\377\000P\000r\000o\000c\000e\000s\000o\000\040\000i\000s\000o\000c\000\363\000r\000i\000c\000o\000\040\000\050\000V\000\040\000=\000\040\000c\000t\000e\000\051}{section.Alph1.2}% 23
\BOOKMARK [2][-]{subsection.Alph1.2.3}{\376\377\000P\000r\000o\000c\000e\000s\000o\000\040\000i\000s\000o\000b\000\341\000r\000i\000c\000o\000\040\000\050\000P\000\040\000=\000\040\000c\000t\000e\000\051}{section.Alph1.2}% 24
\BOOKMARK [2][-]{subsection.Alph1.2.4}{\376\377\000P\000r\000o\000c\000e\000s\000o\000\040\000i\000s\000o\000t\000\351\000r\000m\000i\000c\000o\000\040\000\050\000T\000\040\000=\000\040\000c\000t\000e\000\051}{section.Alph1.2}% 25
\BOOKMARK [2][-]{subsection.Alph1.2.5}{\376\377\000P\000r\000o\000c\000e\000s\000o\000\040\000a\000d\000i\000a\000b\000\341\000t\000i\000c\000o\000\040\000\050\000Q\000\040\000=\000\040\000C\000t\000e\000\051}{section.Alph1.2}% 26
\BOOKMARK [1][-]{section.Alph1.3}{\376\377\000G\000r\000\341\000f\000i\000c\000o\000s\000\040\000t\000e\000r\000m\000o\000d\000i\000n\000\341\000m\000i\000c\000o\000s\000\040\000f\000u\000n\000d\000a\000m\000e\000n\000t\000a\000l\000e\000s}{appendix.Alph1}% 27
\BOOKMARK [2][-]{subsection.Alph1.3.1}{\376\377\000D\000i\000a\000g\000r\000a\000m\000a\000\040\000T\000-\000s}{section.Alph1.3}% 28
\BOOKMARK [2][-]{subsection.Alph1.3.2}{\376\377\000D\000i\000a\000g\000r\000a\000m\000a\000\040\000p\000-\000v}{section.Alph1.3}% 29
\BOOKMARK [2][-]{subsection.Alph1.3.3}{\376\377\000D\000i\000a\000g\000r\000a\000m\000a\000\040\000p\000-\000h}{section.Alph1.3}% 30
\BOOKMARK [1][-]{section.Alph1.4}{\376\377\000C\000i\000c\000l\000o\000\040\000C\000a\000r\000n\000o\000t\000\040\000i\000n\000v\000e\000r\000s\000o}{appendix.Alph1}% 31
\BOOKMARK [1][-]{section.Alph1.5}{\376\377\000C\000i\000c\000l\000o\000\040\000R\000a\000n\000k\000i\000n\000e\000\040\000i\000n\000v\000e\000r\000s\000o}{appendix.Alph1}% 32
\BOOKMARK [1][-]{section.Alph1.6}{\376\377\000C\000i\000c\000l\000o\000\040\000B\000r\000a\000y\000t\000o\000n\000\040\000i\000n\000v\000e\000r\000s\000o}{appendix.Alph1}% 33
